<?xml version="1.0" encoding="UTF-8"?>
<!-- Generated by org.testng.reporters.JUnitXMLReporter -->
<testsuite ignored="1" hostname="DESKTOP-N6G4972" failures="1" tests="2" name="Test" time="24.299" errors="0" timestamp="2025-04-06T21:33:43 IST">
  <testcase classname="Testcase.TC_001Accountregistration" name="verify_account_Registration" time="2.975"/>
  <testcase classname="Testcase.Tc_002_LoginTest" name="verify_login" time="11.864">
    <failure type="java.lang.AssertionError" message="expected [true] but found [false]">
      <![CDATA[java.lang.AssertionError: expected [true] but found [false]
at Testcase.Tc_002_LoginTest.verify_login(Tc_002_LoginTest.java:39)
at java.base/java.util.ArrayList.forEach(ArrayList.java:1597)
... Removed 29 stack frames]]>
    </failure>
  </testcase> <!-- verify_login -->
  <testcase classname="Testcase.TC003_LoginDDT" name="verify_loginDDT" time="0.0">
    <ignored/>
  </testcase> <!-- verify_loginDDT -->
</testsuite> <!-- Test -->
